  AmFmRadio.cpp
  driver.cpp
D:\C_Lecture\Github\OOP_assign2\OOP_assign2\driver.cpp(62,10): error C2039: 'PowerToggle': is not a member of 'AmFmRadio'
D:\C_Lecture\Github\OOP_assign2\OOP_assign2\AmFmRadio.h(17,7): message : see declaration of 'AmFmRadio'
D:\C_Lecture\Github\OOP_assign2\OOP_assign2\driver.cpp(65,22): error C2039: 'SetVolume': is not a member of 'AmFmRadio'
D:\C_Lecture\Github\OOP_assign2\OOP_assign2\AmFmRadio.h(17,7): message : see declaration of 'AmFmRadio'
D:\C_Lecture\Github\OOP_assign2\OOP_assign2\driver.cpp(77,15): error C2039: 'IsRadioOn': is not a member of 'AmFmRadio'
D:\C_Lecture\Github\OOP_assign2\OOP_assign2\AmFmRadio.h(17,7): message : see declaration of 'AmFmRadio'
D:\C_Lecture\Github\OOP_assign2\OOP_assign2\driver.cpp(80,11): error C2039: 'ToggleBand': is not a member of 'AmFmRadio'
D:\C_Lecture\Github\OOP_assign2\OOP_assign2\AmFmRadio.h(17,7): message : see declaration of 'AmFmRadio'
D:\C_Lecture\Github\OOP_assign2\OOP_assign2\driver.cpp(90,15): error C2039: 'IsRadioOn': is not a member of 'AmFmRadio'
D:\C_Lecture\Github\OOP_assign2\OOP_assign2\AmFmRadio.h(17,7): message : see declaration of 'AmFmRadio'
D:\C_Lecture\Github\OOP_assign2\OOP_assign2\driver.cpp(96,26): error C2039: 'SetPresetButton': is not a member of 'AmFmRadio'
D:\C_Lecture\Github\OOP_assign2\OOP_assign2\AmFmRadio.h(17,7): message : see declaration of 'AmFmRadio'
D:\C_Lecture\Github\OOP_assign2\OOP_assign2\driver.cpp(108,15): error C2039: 'IsRadioOn': is not a member of 'AmFmRadio'
D:\C_Lecture\Github\OOP_assign2\OOP_assign2\AmFmRadio.h(17,7): message : see declaration of 'AmFmRadio'
D:\C_Lecture\Github\OOP_assign2\OOP_assign2\driver.cpp(114,26): error C2039: 'SelectPresetButton': is not a member of 'AmFmRadio'
D:\C_Lecture\Github\OOP_assign2\OOP_assign2\AmFmRadio.h(17,7): message : see declaration of 'AmFmRadio'
D:\C_Lecture\Github\OOP_assign2\OOP_assign2\driver.cpp(126,10): error C2039: 'ShowCurrentSettings': is not a member of 'AmFmRadio'
D:\C_Lecture\Github\OOP_assign2\OOP_assign2\AmFmRadio.h(17,7): message : see declaration of 'AmFmRadio'
D:\C_Lecture\Github\OOP_assign2\OOP_assign2\driver.cpp(129,15): error C2039: 'IsRadioOn': is not a member of 'AmFmRadio'
D:\C_Lecture\Github\OOP_assign2\OOP_assign2\AmFmRadio.h(17,7): message : see declaration of 'AmFmRadio'
D:\C_Lecture\Github\OOP_assign2\OOP_assign2\driver.cpp(132,11): error C2039: 'ScanUp': is not a member of 'AmFmRadio'
D:\C_Lecture\Github\OOP_assign2\OOP_assign2\AmFmRadio.h(17,7): message : see declaration of 'AmFmRadio'
D:\C_Lecture\Github\OOP_assign2\OOP_assign2\driver.cpp(150,10): error C2039: 'ShowCurrentSettings': is not a member of 'AmFmRadio'
D:\C_Lecture\Github\OOP_assign2\OOP_assign2\AmFmRadio.h(17,7): message : see declaration of 'AmFmRadio'
  Generating Code...
